-------------------------------------------------------------------------------
Test set: com.serviceTest.ServiceClientTest
-------------------------------------------------------------------------------
Tests run: 1, Failures: 0, Errors: 1, Skipped: 0, Time elapsed: 0.621 s <<< FAILURE! - in com.serviceTest.ServiceClientTest
initializationError(com.serviceTest.ServiceClientTest)  Time elapsed: 0.01 s  <<< ERROR!
java.lang.IllegalStateException: Unable to find a @SpringBootConfiguration, you need to use @ContextConfiguration or @SpringBootTest(classes=...) with your test

